<?xml version="1.0" encoding="UTF-8"?>
<!-- Generated by org.testng.reporters.JUnitXMLReporter -->
<testsuite ignored="0" hostname="WPRJAVANG" failures="0" tests="14" name="EndToEndBankingModuleWorkflows" time="1.059" errors="0" timestamp="2026-06-05T14:30:52 IST">
  <testcase classname="base.BaseTest" name="@BeforeClass classSetupHook" time="0.6">
    <failure type="org.openqa.selenium.remote.NoSuchDriverException" message="Unable to obtain: Capabilities {browserName: MicrosoftEdge, ms:edgeOptions: {args: [--remote-allow-origins=*, --disable-blink-features=Au...], extensions: []}}, error Command failed with code: 65, executed: [--browser, MicrosoftEdge, --language-binding, java, --output, json]
error sending request for url (https://msedgedriver.azureedge.net/LATEST_RELEASE_148_WINDOWS): error trying to connect: dns error: No such host is known. (os error 11001)
Build info: version: &amp;apos;4.18.1&amp;apos;, revision: &amp;apos;b1d3319b48&amp;apos;
System info: os.name: &amp;apos;Windows 11&amp;apos;, os.arch: &amp;apos;amd64&amp;apos;, os.version: &amp;apos;10.0&amp;apos;, java.version: &amp;apos;17.0.12&amp;apos;
Driver info: driver.version: EdgeDriver">
      <![CDATA[org.openqa.selenium.remote.NoSuchDriverException: Unable to obtain: Capabilities {browserName: MicrosoftEdge, ms:edgeOptions: {args: [--remote-allow-origins=*, --disable-blink-features=Au...], extensions: []}}, error Command failed with code: 65, executed: [--browser, MicrosoftEdge, --language-binding, java, --output, json]
error sending request for url (https://msedgedriver.azureedge.net/LATEST_RELEASE_148_WINDOWS): error trying to connect: dns error: No such host is known. (os error 11001)
Build info: version: '4.18.1', revision: 'b1d3319b48'
System info: os.name: 'Windows 11', os.arch: 'amd64', os.version: '10.0', java.version: '17.0.12'
Driver info: driver.version: EdgeDriver
at org.openqa.selenium.remote.service.DriverFinder.getPath(DriverFinder.java:48)
at org.openqa.selenium.remote.service.DriverFinder.getPath(DriverFinder.java:33)
at org.openqa.selenium.edge.EdgeDriver.generateExecutor(EdgeDriver.java:71)
at org.openqa.selenium.edge.EdgeDriver.<init>(EdgeDriver.java:61)
at org.openqa.selenium.edge.EdgeDriver.<init>(EdgeDriver.java:57)
at org.openqa.selenium.edge.EdgeDriver.<init>(EdgeDriver.java:49)
at base.DriverFactory.initDriver(DriverFactory.java:18)
at base.BaseTest.classSetupHook(BaseTest.java:30)
at java.base/jdk.internal.reflect.NativeMethodAccessorImpl.invoke0(Native Method)
at java.base/jdk.internal.reflect.NativeMethodAccessorImpl.invoke(NativeMethodAccessorImpl.java:77)
at java.base/jdk.internal.reflect.DelegatingMethodAccessorImpl.invoke(DelegatingMethodAccessorImpl.java:43)
at java.base/java.lang.reflect.Method.invoke(Method.java:568)
at org.testng.internal.invokers.MethodInvocationHelper.invokeMethod(MethodInvocationHelper.java:141)
at org.testng.internal.invokers.MethodInvocationHelper.invokeMethodConsideringTimeout(MethodInvocationHelper.java:71)
at org.testng.internal.invokers.ConfigInvoker.invokeConfigurationMethod(ConfigInvoker.java:400)
at org.testng.internal.invokers.ConfigInvoker.invokeConfigurations(ConfigInvoker.java:333)
at org.testng.internal.invokers.TestMethodWorker.invokeBeforeClassMethods(TestMethodWorker.java:188)
at org.testng.internal.invokers.TestMethodWorker.run(TestMethodWorker.java:128)
at java.base/java.util.ArrayList.forEach(ArrayList.java:1511)
at org.testng.TestRunner.privateRun(TestRunner.java:739)
at org.testng.TestRunner.run(TestRunner.java:614)
at org.testng.SuiteRunner.runTest(SuiteRunner.java:421)
at org.testng.SuiteRunner.runSequentially(SuiteRunner.java:413)
at org.testng.SuiteRunner.privateRun(SuiteRunner.java:373)
at org.testng.SuiteRunner.run(SuiteRunner.java:312)
at org.testng.SuiteRunnerWorker.runSuite(SuiteRunnerWorker.java:52)
at org.testng.SuiteRunnerWorker.run(SuiteRunnerWorker.java:95)
at org.testng.TestNG.runSuitesSequentially(TestNG.java:1274)
at org.testng.TestNG.runSuitesLocally(TestNG.java:1208)
at org.testng.TestNG.runSuites(TestNG.java:1112)
at org.testng.TestNG.run(TestNG.java:1079)
at org.testng.remote.AbstractRemoteTestNG.run(AbstractRemoteTestNG.java:115)
at org.testng.remote.RemoteTestNG.initAndRun(RemoteTestNG.java:293)
at org.testng.remote.RemoteTestNG.main(RemoteTestNG.java:91)
Caused by: org.openqa.selenium.WebDriverException: Command failed with code: 65, executed: [--browser, MicrosoftEdge, --language-binding, java, --output, json]
error sending request for url (https://msedgedriver.azureedge.net/LATEST_RELEASE_148_WINDOWS): error trying to connect: dns error: No such host is known. (os error 11001)
Build info: version: '4.18.1', revision: 'b1d3319b48'
System info: os.name: 'Windows 11', os.arch: 'amd64', os.version: '10.0', java.version: '17.0.12'
Driver info: driver.version: EdgeDriver
at org.openqa.selenium.manager.SeleniumManager.runCommand(SeleniumManager.java:159)
at org.openqa.selenium.manager.SeleniumManager.getDriverPath(SeleniumManager.java:303)
at org.openqa.selenium.remote.service.DriverFinder.getPath(DriverFinder.java:45)
... 33 more
]]>
    </failure>
  </testcase> <!-- @BeforeClass classSetupHook -->
  <testcase classname="base.BaseTest" name="@AfterClass classTeardownHook" time="0.0">
    <skipped/>
  </testcase> <!-- @AfterClass classTeardownHook -->
  <testcase classname="testcases.EndToEndBankingTest" name="testLogin" time="0.0">
    <skipped/>
  </testcase> <!-- testLogin -->
  <testcase classname="testcases.EndToEndBankingTest" name="testNewCustomer" time="0.011">
    <skipped/>
  </testcase> <!-- testNewCustomer -->
  <testcase classname="testcases.EndToEndBankingTest" name="testNewAccount" time="0.0">
    <skipped/>
  </testcase> <!-- testNewAccount -->
  <testcase classname="testcases.EndToEndBankingTest" name="testDeposit" time="0.0">
    <skipped/>
  </testcase> <!-- testDeposit -->
  <testcase classname="testcases.EndToEndBankingTest" name="testWithdrawal" time="0.0">
    <skipped/>
  </testcase> <!-- testWithdrawal -->
  <testcase classname="testcases.EndToEndBankingTest" name="testFundTransfer" time="0.0">
    <skipped/>
  </testcase> <!-- testFundTransfer -->
  <testcase classname="testcases.EndToEndBankingTest" name="testBalanceEnquiry" time="0.0">
    <skipped/>
  </testcase> <!-- testBalanceEnquiry -->
  <testcase classname="testcases.EndToEndBankingTest" name="testMiniStatement" time="0.001">
    <skipped/>
  </testcase> <!-- testMiniStatement -->
  <testcase classname="testcases.EndToEndBankingTest" name="testCustomStatement" time="0.0">
    <skipped/>
  </testcase> <!-- testCustomStatement -->
  <testcase classname="testcases.EndToEndBankingTest" name="testEditAccount" time="0.0">
    <skipped/>
  </testcase> <!-- testEditAccount -->
  <testcase classname="testcases.EndToEndBankingTest" name="testChangePassword" time="0.0">
    <skipped/>
  </testcase> <!-- testChangePassword -->
  <testcase classname="testcases.EndToEndBankingTest" name="testDeleteAccount" time="0.0">
    <skipped/>
  </testcase> <!-- testDeleteAccount -->
  <testcase classname="testcases.EndToEndBankingTest" name="testDeleteCustomer" time="0.0">
    <skipped/>
  </testcase> <!-- testDeleteCustomer -->
  <testcase classname="testcases.EndToEndBankingTest" name="testLogout" time="0.001">
    <skipped/>
  </testcase> <!-- testLogout -->
</testsuite> <!-- EndToEndBankingModuleWorkflows -->
