<?xml version="1.0" encoding="UTF-8"?>
<testsuite xmlns:xsi="http://www.w3.org/2001/XMLSchema-instance" xsi:noNamespaceSchemaLocation="https://maven.apache.org/surefire/maven-surefire-plugin/xsd/surefire-test-report.xsd" version="3.0.2" name="TestSuite" time="43.513" tests="12" errors="0" skipped="0" failures="0">
  <properties>
[...]
</properties>
  <testcase name="testLoginModule" classname="testcases.EndToEndBankingTest" time="3.208">
    <system-out><![CDATA[...
... TestNG 7.10.2 by Cédric Beust (cedric@beust.com)
...

2026-06-06 17:56:56 [main] INFO  base.BaseTest - >>>> INITIATING GLOBAL SUITE EXECUTION HOOKS <<<<
===============================================
 GURU99 BANK AUTOMATION FRAMEWORK CAPSTONE     
===============================================
2026-06-06 17:56:56 [main] INFO  base.BaseTest - Executing Hook: Instantiating web driver environment.
2026-06-06 17:56:56 [main] INFO  base.BaseTest - Selected Browser: edge
2026-06-06 17:56:56 [main] INFO  base.BaseTest - Target URL: https://demo.guru99.com/V4/
2026-06-06 17:57:01 [main] INFO  base.BaseTest - Application launched successfully.
MODULE : LOGIN
]]></system-out>
    <system-err><![CDATA[SLF4J(W): No SLF4J providers were found.
SLF4J(W): Defaulting to no-operation (NOP) logger implementation
SLF4J(W): See https://www.slf4j.org/codes.html#noProviders for further details.
Jun 06, 2026 5:57:00 PM org.openqa.selenium.devtools.CdpVersionFinder findNearestMatch
WARNING: Unable to find CDP implementation matching 149
Jun 06, 2026 5:57:00 PM org.openqa.selenium.chromium.ChromiumDriver lambda$new$5
WARNING: Unable to find version of CDP to use for 149.0.4022.52. You may need to include a dependency on a specific version of the CDP using something similar to `org.seleniumhq.selenium:selenium-devtools-v86:4.25.0` where the version ("v86") matches the version of the chromium-based browser you're using and the version number of the artifact is the same as Selenium's.
]]></system-err>
  </testcase>
  <testcase name="testNewCustomer1Module" classname="testcases.EndToEndBankingTest" time="6.123">
    <system-out><![CDATA[PASS

MODULE : CREATE CUSTOMER 1
Customer 1 ID: 45360
Account 1 ID: 183332
]]></system-out>
  </testcase>
  <testcase name="testNewCustomer2Module" classname="testcases.EndToEndBankingTest" time="5.518">
    <system-out><![CDATA[PASS

MODULE : CREATE CUSTOMER 2
Customer 2 ID: 49221
Account 2 ID: 183333
]]></system-out>
  </testcase>
  <testcase name="testDepositModule" classname="testcases.EndToEndBankingTest" time="3.419">
    <system-out><![CDATA[PASS

MODULE : DEPOSIT
]]></system-out>
  </testcase>
  <testcase name="testWithdrawalModule" classname="testcases.EndToEndBankingTest" time="3.17">
    <system-out><![CDATA[PASS

MODULE : WITHDRAWAL
]]></system-out>
  </testcase>
  <testcase name="testFundTransferModule" classname="testcases.EndToEndBankingTest" time="4.097">
    <system-out><![CDATA[PASS

MODULE : FUND TRANSFER
]]></system-out>
  </testcase>
  <testcase name="testCustomStatementModule" classname="testcases.EndToEndBankingTest" time="3.132">
    <system-out><![CDATA[PASS

MODULE : CUSTOM STATEMENT
]]></system-out>
  </testcase>
  <testcase name="testEditAccountModule" classname="testcases.EndToEndBankingTest" time="0.784">
    <system-out><![CDATA[PASS

MODULE : EDIT ACCOUNT
]]></system-out>
  </testcase>
  <testcase name="testChangePasswordModule" classname="testcases.EndToEndBankingTest" time="1.12">
    <system-out><![CDATA[PASS

MODULE : CHANGE PASSWORD
[ALERT DETECTED]: Please fill all fields
Password changed from umybyny to umybyny
]]></system-out>
  </testcase>
  <testcase name="testDeleteAccountModule" classname="testcases.EndToEndBankingTest" time="1.258">
    <system-out><![CDATA[PASS

MODULE : DELETE ACCOUNT
]]></system-out>
  </testcase>
  <testcase name="testDeleteCustomerModule" classname="testcases.EndToEndBankingTest" time="1.301">
    <system-out><![CDATA[PASS

MODULE : DELETE CUSTOMER
]]></system-out>
  </testcase>
  <testcase name="testLogoutModule" classname="testcases.EndToEndBankingTest" time="1.909">
    <system-out><![CDATA[PASS

MODULE : LOGOUT
[ALERT DETECTED]: You Have Succesfully Logged Out!!
]]></system-out>
  </testcase>
</testsuite>