<?xml version="1.0" encoding="UTF-8"?>
<!-- Generated by org.testng.reporters.JUnitReportReporter -->
<testsuite hostname="WPRJAVANG" failures="0" tests="12" name="testcases.EndToEndBankingTest" time="35.125" errors="0" timestamp="2026-06-06T17:57:38 IST" skipped="0">
  <testcase classname="testcases.EndToEndBankingTest" name="testLoginModule" time="3.226"/>
  <testcase classname="testcases.EndToEndBankingTest" name="testNewCustomer1Module" time="6.128"/>
  <testcase classname="testcases.EndToEndBankingTest" name="testNewCustomer2Module" time="5.509"/>
  <testcase classname="testcases.EndToEndBankingTest" name="testDepositModule" time="3.428"/>
  <testcase classname="testcases.EndToEndBankingTest" name="testWithdrawalModule" time="3.175"/>
  <testcase classname="testcases.EndToEndBankingTest" name="testFundTransferModule" time="4.106"/>
  <testcase classname="testcases.EndToEndBankingTest" name="testCustomStatementModule" time="3.134"/>
  <testcase classname="testcases.EndToEndBankingTest" name="testEditAccountModule" time="0.793"/>
  <testcase classname="testcases.EndToEndBankingTest" name="testChangePasswordModule" time="1.120"/>
  <testcase classname="testcases.EndToEndBankingTest" name="testDeleteAccountModule" time="1.286"/>
  <testcase classname="testcases.EndToEndBankingTest" name="testDeleteCustomerModule" time="1.304"/>
  <testcase classname="testcases.EndToEndBankingTest" name="testLogoutModule" time="1.916"/>
</testsuite> <!-- testcases.EndToEndBankingTest -->
