<?xml version="1.0" encoding="UTF-8"?>
<!-- Generated by org.testng.reporters.JUnitXMLReporter -->
<testsuite ignored="0" hostname="WPRJAVANG" failures="0" tests="12" name="EndToEndBankingModuleWorkflows" time="41.051" errors="0" timestamp="2026-06-06T17:57:37 IST">
  <testcase classname="testcases.EndToEndBankingTest" name="testLoginModule" time="3.222"/>
  <testcase classname="testcases.EndToEndBankingTest" name="testNewCustomer1Module" time="6.127"/>
  <testcase classname="testcases.EndToEndBankingTest" name="testNewCustomer2Module" time="5.509"/>
  <testcase classname="testcases.EndToEndBankingTest" name="testDepositModule" time="3.424"/>
  <testcase classname="testcases.EndToEndBankingTest" name="testWithdrawalModule" time="3.174"/>
  <testcase classname="testcases.EndToEndBankingTest" name="testFundTransferModule" time="4.103"/>
  <testcase classname="testcases.EndToEndBankingTest" name="testCustomStatementModule" time="3.134"/>
  <testcase classname="testcases.EndToEndBankingTest" name="testEditAccountModule" time="0.791"/>
  <testcase classname="testcases.EndToEndBankingTest" name="testChangePasswordModule" time="1.119"/>
  <testcase classname="testcases.EndToEndBankingTest" name="testDeleteAccountModule" time="1.28"/>
  <testcase classname="testcases.EndToEndBankingTest" name="testDeleteCustomerModule" time="1.304"/>
  <testcase classname="testcases.EndToEndBankingTest" name="testLogoutModule" time="1.913"/>
</testsuite> <!-- EndToEndBankingModuleWorkflows -->
